<?xml version="1.0" encoding="UTF-8"?>
<!-- Generated by org.testng.reporters.JUnitReportReporter -->
<testsuite hostname="Xyoss005" failures="0" tests="2" name="com.testCases.ProductPageTestCases" time="49.340" errors="0" timestamp="2025-01-11T00:40:51 IST" skipped="0">
  <testcase classname="com.testCases.ProductPageTestCases" name="testHomePageLoadSuccessfully" time="37.212"/>
  <testcase classname="com.testCases.ProductPageTestCases" name="testAddToCartButton" time="12.128"/>
</testsuite> <!-- com.testCases.ProductPageTestCases -->
