<?xml version="1.0" encoding="UTF-8"?>
<!-- Generated by org.testng.reporters.JUnitReportReporter -->
<testsuite hostname="Xyoss005" failures="0" tests="6" name="com.testCases.ProductPageTestCases" time="39.779" errors="0" timestamp="2025-01-11T22:30:47 IST" skipped="0">
  <testcase classname="com.testCases.ProductPageTestCases" name="testHomePageLoadSuccessfully" time="4.682"/>
  <testcase classname="com.testCases.ProductPageTestCases" name="testAddToCartButton" time="3.303"/>
  <testcase classname="com.testCases.ProductPageTestCases" name="testSearchFunctionality" time="4.306"/>
  <testcase classname="com.testCases.ProductPageTestCases" name="testCategorySelection" time="14.161"/>
  <testcase classname="com.testCases.ProductPageTestCases" name="testBranSelection" time="8.862"/>
  <testcase classname="com.testCases.ProductPageTestCases" name="productDetailsButton" time="4.465"/>
</testsuite> <!-- com.testCases.ProductPageTestCases -->
