<?xml version="1.0" encoding="UTF-8"?>
<!-- Generated by org.testng.reporters.JUnitReportReporter -->
<testsuite hostname="Xyoss005" failures="0" tests="1" name="com.testBase.Demo" time="0.025" errors="0" timestamp="2025-01-12T15:43:40 IST" skipped="0">
  <testcase classname="com.testBase.Demo" name="test" time="0.025"/>
</testsuite> <!-- com.testBase.Demo -->
