<?xml version="1.0" encoding="UTF-8"?>
<!-- Generated by org.testng.reporters.JUnitReportReporter -->
<testsuite hostname="Xyoss005" failures="0" tests="6" name="com.testCases.ProductPageTestCases" time="64.921" errors="0" timestamp="2025-01-13T16:19:33 IST" skipped="0">
  <testcase classname="com.testCases.ProductPageTestCases" name="testHomePageLoadSuccessfully" time="5.121"/>
  <testcase classname="com.testCases.ProductPageTestCases" name="testAddToCartButton" time="3.209"/>
  <testcase classname="com.testCases.ProductPageTestCases" name="testSearchFunctionality" time="5.993"/>
  <testcase classname="com.testCases.ProductPageTestCases" name="testCategorySelection" time="24.480"/>
  <testcase classname="com.testCases.ProductPageTestCases" name="testBranSelection" time="21.645"/>
  <testcase classname="com.testCases.ProductPageTestCases" name="productDetailsButton" time="4.473"/>
</testsuite> <!-- com.testCases.ProductPageTestCases -->
