<?xml version="1.0" encoding="UTF-8"?>
<!-- Generated by org.testng.reporters.JUnitReportReporter -->
<testsuite hostname="Xyoss005" failures="0" tests="2" name="com.testCases.RegistrationTestCase" time="15.090" errors="0" timestamp="2025-01-13T01:34:25 IST" skipped="0">
  <testcase classname="com.testCases.RegistrationTestCase" name="testfillSignupForm" time="5.694"/>
  <testcase classname="com.testCases.RegistrationTestCase" name="testNewUserRegistration" time="9.396"/>
</testsuite> <!-- com.testCases.RegistrationTestCase -->
