<?xml version="1.0" encoding="UTF-8"?>
<!-- Generated by org.testng.reporters.JUnitReportReporter -->
<testsuite hostname="Xyoss005" failures="0" tests="2" name="com.testCases.LoginTestCases" time="16.276" errors="0" timestamp="2025-01-11T22:30:47 IST" skipped="0">
  <testcase classname="com.testCases.LoginTestCases" name="testLoginPageLoadsSuccessfully" time="2.787"/>
  <testcase classname="com.testCases.LoginTestCases" name="testLoginWithValidCredentials" time="13.489"/>
</testsuite> <!-- com.testCases.LoginTestCases -->
