<?xml version="1.0" encoding="UTF-8"?>
<!-- Generated by org.testng.reporters.JUnitReportReporter -->
<testsuite hostname="Xyoss005" failures="0" tests="6" name="com.testCases.ProductPageTestCases" time="38.460" errors="0" timestamp="2025-01-13T01:34:25 IST" skipped="0">
  <testcase classname="com.testCases.ProductPageTestCases" name="testHomePageLoadSuccessfully" time="4.541"/>
  <testcase classname="com.testCases.ProductPageTestCases" name="testAddToCartButton" time="3.223"/>
  <testcase classname="com.testCases.ProductPageTestCases" name="testSearchFunctionality" time="4.719"/>
  <testcase classname="com.testCases.ProductPageTestCases" name="testCategorySelection" time="14.837"/>
  <testcase classname="com.testCases.ProductPageTestCases" name="testBranSelection" time="7.912"/>
  <testcase classname="com.testCases.ProductPageTestCases" name="productDetailsButton" time="3.228"/>
</testsuite> <!-- com.testCases.ProductPageTestCases -->
