<?xml version="1.0" encoding="UTF-8"?>
<!-- Generated by org.testng.reporters.JUnitReportReporter -->
<testsuite hostname="Xyoss005" failures="0" tests="1" name="com.testCases.test" time="4.040" errors="0" timestamp="2025-01-12T19:28:46 IST" skipped="0">
  <testcase classname="com.testCases.test" name="testLogin" time="4.040"/>
</testsuite> <!-- com.testCases.test -->
