<?xml version="1.0" encoding="UTF-8"?>
<!-- Generated by org.testng.reporters.JUnitReportReporter -->
<testsuite hostname="Xyoss005" failures="0" tests="2" name="com.testCases.RegistrationTestCase" time="17.637" errors="0" timestamp="2025-01-12T20:39:46 IST" skipped="0">
  <testcase classname="com.testCases.RegistrationTestCase" name="testfillSignupForm" time="7.431"/>
  <testcase classname="com.testCases.RegistrationTestCase" name="testNewUserRegistration" time="10.206"/>
</testsuite> <!-- com.testCases.RegistrationTestCase -->
