<?xml version="1.0" encoding="UTF-8"?>
<!-- Generated by org.testng.reporters.JUnitReportReporter -->
<testsuite hostname="Xyoss005" failures="0" tests="6" name="com.testCases.ProductPageTestCases" time="38.523" errors="0" timestamp="2025-01-12T20:39:46 IST" skipped="0">
  <testcase classname="com.testCases.ProductPageTestCases" name="testHomePageLoadSuccessfully" time="7.577"/>
  <testcase classname="com.testCases.ProductPageTestCases" name="testAddToCartButton" time="3.223"/>
  <testcase classname="com.testCases.ProductPageTestCases" name="testSearchFunctionality" time="4.564"/>
  <testcase classname="com.testCases.ProductPageTestCases" name="testCategorySelection" time="13.811"/>
  <testcase classname="com.testCases.ProductPageTestCases" name="testBranSelection" time="6.934"/>
  <testcase classname="com.testCases.ProductPageTestCases" name="productDetailsButton" time="2.414"/>
</testsuite> <!-- com.testCases.ProductPageTestCases -->
