<?xml version="1.0" encoding="UTF-8"?>
<!-- Generated by org.testng.reporters.JUnitReportReporter -->
<testsuite hostname="Xyoss005" failures="0" tests="1" name="com.testCases.LogoutTestCase" time="27.035" errors="0" timestamp="2025-01-13T01:34:25 IST" skipped="0">
  <testcase classname="com.testCases.LogoutTestCase" name="testLoginAndLogout" time="27.035"/>
</testsuite> <!-- com.testCases.LogoutTestCase -->
