<?xml version="1.0" encoding="UTF-8"?>
<!-- Generated by org.testng.reporters.JUnitReportReporter -->
<testsuite hostname="Xyoss005" failures="0" tests="4" name="com.testCases.CheckDataProviderValue" time="56.177" errors="0" timestamp="2025-01-12T12:49:31 IST" skipped="0">
  <testcase classname="com.testCases.CheckDataProviderValue" name="login" time="12.012"/>
  <testcase classname="com.testCases.CheckDataProviderValue" name="login" time="11.489"/>
  <testcase classname="com.testCases.CheckDataProviderValue" name="login" time="8.779"/>
  <testcase classname="com.testCases.CheckDataProviderValue" name="login" time="23.897"/>
</testsuite> <!-- com.testCases.CheckDataProviderValue -->
