<?xml version="1.0" encoding="UTF-8"?>
<!-- Generated by org.testng.reporters.JUnitReportReporter -->
<testsuite hostname="Xyoss005" failures="0" tests="2" name="com.testCases.RegistrationTestCase" time="16.833" errors="0" timestamp="2025-01-13T16:19:33 IST" skipped="0">
  <testcase classname="com.testCases.RegistrationTestCase" name="testfillSignupForm" time="7.415"/>
  <testcase classname="com.testCases.RegistrationTestCase" name="testNewUserRegistration" time="9.418"/>
</testsuite> <!-- com.testCases.RegistrationTestCase -->
