<?xml version="1.0" encoding="UTF-8"?>
<!-- Generated by org.testng.reporters.JUnitReportReporter -->
<testsuite hostname="Xyoss005" failures="0" tests="2" name="com.testCases.RegistrationTestCase" time="13.404" errors="0" timestamp="2025-01-13T22:37:04 IST" skipped="0">
  <testcase classname="com.testCases.RegistrationTestCase" name="testfillSignupForm" time="5.687"/>
  <testcase classname="com.testCases.RegistrationTestCase" name="testNewUserRegistration" time="7.717"/>
</testsuite> <!-- com.testCases.RegistrationTestCase -->
