<?xml version="1.0" encoding="UTF-8"?>
<!-- Generated by org.testng.reporters.JUnitReportReporter -->
<testsuite hostname="Xyoss005" failures="0" tests="6" name="com.testCases.ProductPageTestCases" time="32.587" errors="0" timestamp="2025-01-11T15:08:28 IST" skipped="0">
  <testcase classname="com.testCases.ProductPageTestCases" name="testHomePageLoadSuccessfully" time="4.557"/>
  <testcase classname="com.testCases.ProductPageTestCases" name="testAddToCartButton" time="3.358"/>
  <testcase classname="com.testCases.ProductPageTestCases" name="testSearchFunctionality" time="4.113"/>
  <testcase classname="com.testCases.ProductPageTestCases" name="testCategorySelection" time="11.319"/>
  <testcase classname="com.testCases.ProductPageTestCases" name="testBranSelection" time="6.841"/>
  <testcase classname="com.testCases.ProductPageTestCases" name="productDetailsButton" time="2.399"/>
</testsuite> <!-- com.testCases.ProductPageTestCases -->
