<?xml version="1.0" encoding="UTF-8"?>
<!-- Generated by org.testng.reporters.JUnitReportReporter -->
<testsuite hostname="Xyoss005" failures="0" tests="1" name="com.testCases.RegistrationTestCase" time="2.017" errors="0" timestamp="2025-01-11T16:09:26 IST" skipped="0">
  <testcase classname="com.testCases.RegistrationTestCase" name="testRegistrationPageLoadsSuccessfully" time="2.017"/>
</testsuite> <!-- com.testCases.RegistrationTestCase -->
