<?xml version="1.0" encoding="UTF-8"?>
<!-- Generated by org.testng.reporters.JUnitReportReporter -->
<testsuite hostname="Xyoss005" failures="0" tests="2" name="com.testCases.RegistrationTestCase" time="18.194" errors="0" timestamp="2025-01-11T22:30:47 IST" skipped="0">
  <testcase classname="com.testCases.RegistrationTestCase" name="testfillSignupForm" time="6.189"/>
  <testcase classname="com.testCases.RegistrationTestCase" name="testNewUserRegistration" time="12.005"/>
</testsuite> <!-- com.testCases.RegistrationTestCase -->
