<?xml version="1.0" encoding="UTF-8"?>
<!-- Generated by org.testng.reporters.JUnitReportReporter -->
<testsuite hostname="Xyoss005" failures="0" tests="6" name="com.testCases.ProductPageTestCases" time="34.307" errors="0" timestamp="2025-01-11T15:17:18 IST" skipped="0">
  <testcase classname="com.testCases.ProductPageTestCases" name="testHomePageLoadSuccessfully" time="4.228"/>
  <testcase classname="com.testCases.ProductPageTestCases" name="testAddToCartButton" time="3.071"/>
  <testcase classname="com.testCases.ProductPageTestCases" name="testSearchFunctionality" time="4.015"/>
  <testcase classname="com.testCases.ProductPageTestCases" name="testCategorySelection" time="12.983"/>
  <testcase classname="com.testCases.ProductPageTestCases" name="testBranSelection" time="7.267"/>
  <testcase classname="com.testCases.ProductPageTestCases" name="productDetailsButton" time="2.743"/>
</testsuite> <!-- com.testCases.ProductPageTestCases -->
